exception 'PDOException' with message 'SQLSTATE[42S02]: Base table or view not found: 1146 Table 'f-cn-jp01.Applicants' doesn't exist' in /home/2005595956/f-cn-jp/public_html/entry/entryDivision/entryDivision.php:26
Stack trace:
#0 /home/2005595956/f-cn-jp/public_html/entry/entryDivision/entryDivision.php(26): PDO->query('select count(*)...')
#1 /home/2005595956/f-cn-jp/public_html/entry/register.php(35): EntryDivision->SelectCount()
#2 {main}exception 'PDOException' with message 'SQLSTATE[42S02]: Base table or view not found: 1146 Table 'f-cn-jp01.Applicants' doesn't exist' in /home/2005595956/f-cn-jp/public_html/entry/entryDivision/entryDivision.php:26
Stack trace:
#0 /home/2005595956/f-cn-jp/public_html/entry/entryDivision/entryDivision.php(26): PDO->query('select count(*)...')
#1 /home/2005595956/f-cn-jp/public_html/entry/register.php(35): EntryDivision->SelectCount()
#2 {main}exception 'PDOException' with message 'SQLSTATE[42S02]: Base table or view not found: 1146 Table 'f-cn-jp01.Applicants' doesn't exist' in /home/2005595956/f-cn-jp/public_html/entry/entryDivision/entryDivision.php:26
Stack trace:
#0 /home/2005595956/f-cn-jp/public_html/entry/entryDivision/entryDivision.php(26): PDO->query('select count(*)...')
#1 /home/2005595956/f-cn-jp/public_html/entry/register.php(35): EntryDivision->SelectCount()
#2 {main}exception 'PDOException' with message 'SQLSTATE[42S02]: Base table or view not found: 1146 Table 'f-cn-jp01.Applicants' doesn't exist' in /home/2005595956/f-cn-jp/public_html/entry/entryDivision/entryDivision.php:26
Stack trace:
#0 /home/2005595956/f-cn-jp/public_html/entry/entryDivision/entryDivision.php(26): PDO->query('select count(*)...')
#1 /home/2005595956/f-cn-jp/public_html/entry/register.php(35): EntryDivision->SelectCount()
#2 {main}exception 'PDOException' with message 'SQLSTATE[42S02]: Base table or view not found: 1146 Table 'f-cn-jp01.Applicants' doesn't exist' in /home/2005595956/f-cn-jp/public_html/entry/entryDivision/entryDivision.php:26
Stack trace:
#0 /home/2005595956/f-cn-jp/public_html/entry/entryDivision/entryDivision.php(26): PDO->query('select count(*)...')
#1 /home/2005595956/f-cn-jp/public_html/entry/register.php(35): EntryDivision->SelectCount()
#2 {main}exception 'PDOException' with message 'SQLSTATE[42S02]: Base table or view not found: 1146 Table 'f-cn-jp01.Applicants' doesn't exist' in /home/2005595956/f-cn-jp/public_html/entry/entryDivision/entryDivision.php:26
Stack trace:
#0 /home/2005595956/f-cn-jp/public_html/entry/entryDivision/entryDivision.php(26): PDO->query('select count(*)...')
#1 /home/2005595956/f-cn-jp/public_html/entry/register.php(35): EntryDivision->SelectCount()
#2 {main}exception 'PDOException' with message 'SQLSTATE[42S22]: Column not found: 1054 Unknown column 'entryNo' in 'field list'' in /home/2005595956/f-cn-jp/public_html/entry/entryDivision/entryDivision.php:228
Stack trace:
#0 /home/2005595956/f-cn-jp/public_html/entry/entryDivision/entryDivision.php(228): PDO->prepare('INSERT INTO App...')
#1 /home/2005595956/f-cn-jp/public_html/entry/register.php(38): part->InsertData(Array)
#2 {main}exception 'PDOException' with message 'SQLSTATE[42S22]: Column not found: 1054 Unknown column 'entryNo' in 'field list'' in /home/2005595956/f-cn-jp/public_html/entry/entryDivision/entryDivision.php:228
Stack trace:
#0 /home/2005595956/f-cn-jp/public_html/entry/entryDivision/entryDivision.php(228): PDO->prepare('INSERT INTO App...')
#1 /home/2005595956/f-cn-jp/public_html/entry/register.php(38): part->InsertData(Array)
#2 {main}exception 'PDOException' with message 'SQLSTATE[42S22]: Column not found: 1054 Unknown column 'entryNo' in 'field list'' in /home/2005595956/f-cn-jp/public_html/entry/entryDivision/entryDivision.php:228
Stack trace:
#0 /home/2005595956/f-cn-jp/public_html/entry/entryDivision/entryDivision.php(228): PDO->prepare('INSERT INTO App...')
#1 /home/2005595956/f-cn-jp/public_html/entry/register.php(38): part->InsertData(Array)
#2 {main}