exception 'PDOException' with message 'SQLSTATE[42S02]: Base table or view not found: 1146 Table 'f-cn-jp01.Applicants' doesn't exist' in /home/2005595956/f-cn-jp/public_html/entry/entryDivision/entryDivision.php:26
Stack trace:
#0 /home/2005595956/f-cn-jp/public_html/entry/entryDivision/entryDivision.php(26): PDO->query('select count(*)...')
#1 /home/2005595956/f-cn-jp/public_html/entry/register.php(35): EntryDivision->SelectCount()
#2 {main}exception 'PDOException' with message 'SQLSTATE[23000]: Integrity constraint violation: 1062 Duplicate entry '0150' for key 'entryno'' in /home/2005595956/f-cn-jp/public_html/entry/entryDivision/entryDivision.php:57
Stack trace:
#0 /home/2005595956/f-cn-jp/public_html/entry/entryDivision/entryDivision.php(57): PDOStatement->execute(Array)
#1 /home/2005595956/f-cn-jp/public_html/entry/register.php(38): Newgraduate->InsertData(Array)
#2 {main}exception 'PDOException' with message 'SQLSTATE[23000]: Integrity constraint violation: 1062 Duplicate entry '0150' for key 'entryno'' in /home/2005595956/f-cn-jp/public_html/entry/entryDivision/entryDivision.php:57
Stack trace:
#0 /home/2005595956/f-cn-jp/public_html/entry/entryDivision/entryDivision.php(57): PDOStatement->execute(Array)
#1 /home/2005595956/f-cn-jp/public_html/entry/register.php(38): Newgraduate->InsertData(Array)
#2 {main}exception 'PDOException' with message 'SQLSTATE[23000]: Integrity constraint violation: 1062 Duplicate entry '0150' for key 'entryno'' in /home/2005595956/f-cn-jp/public_html/entry/entryDivision/entryDivision.php:57
Stack trace:
#0 /home/2005595956/f-cn-jp/public_html/entry/entryDivision/entryDivision.php(57): PDOStatement->execute(Array)
#1 /home/2005595956/f-cn-jp/public_html/entry/register.php(38): Newgraduate->InsertData(Array)
#2 {main}exception 'PDOException' with message 'SQLSTATE[23000]: Integrity constraint violation: 1062 Duplicate entry '0150' for key 'id'' in /home/2005595956/f-cn-jp/public_html/entry/entryDivision/entryDivision.php:57
Stack trace:
#0 /home/2005595956/f-cn-jp/public_html/entry/entryDivision/entryDivision.php(57): PDOStatement->execute(Array)
#1 /home/2005595956/f-cn-jp/public_html/entry/register.php(38): Newgraduate->InsertData(Array)
#2 {main}